2024-10-29 10:00:01 INFO User123 Connected to server
2024-10-29 10:00:05 ERROR User456 Authentication failed
2024-10-29 10:01:15 INFO User789 Downloaded file "report.pdf"
2024-10-29 10:03:42 WARN User123 Unusual activity detected
2024-10-29 10:04:10 INFO User123 Disconnected from server
2024-10-29 10:05:22 INFO User123 Connected to server
2024-10-29 10:06:45 INFO User789 Uploaded file "image.png"
2024-10-29 10:07:33 INFO User456 Downloaded file "data.csv"
2024-10-29 10:08:54 ERROR User123 File not found: "config.yml"
2024-10-29 10:10:12 INFO User123 Updated profile settings
2024-10-29 10:15:43 WARN User789 Low disk space
2024-10-29 10:20:59 INFO User456 Logged out
2024-10-29 10:22:17 INFO User123 Logged in
2024-10-29 10:25:31 INFO User789 Connected to server
2024-10-29 10:28:45 ERROR User123 Access denied to "restricted_area"
2024-10-29 10:30:10 INFO User123 Attempted access to "restricted_area"
2024-10-29 10:35:22 WARN User789 High memory usage detected
2024-10-29 10:40:33 INFO User456 Uploaded file "presentation.pptx"
2024-10-29 10:42:05 INFO User789 Deleted file "old_report.pdf"
2024-10-29 10:50:47 ERROR User123 Permission denied